<?xml version="1.0" encoding="UTF-8"?>
<testsuite name="CinemaTests" tests="1" skipped="0" failures="0" errors="0" timestamp="2025-07-02T19:21:29" hostname="DESKTOP-3KVM26J" time="8.046">
  <properties/>
  <testcase name="start" classname="CinemaTests" time="8.046"/>
  <system-out><![CDATA[?[1;31m
Start test 1?[0m
?[0;34m
?[0m?[0;34m  .   ____          _            __ _ _
?[0m?[0;34m /\\ / ___'_ __ _ _(_)_ __  __ _ \ \ \ \
?[0m?[0;34m( ( )\___ | '_ | '_| | '_ \/ _` | \ \ \ \
?[0m?[0;34m \\/  ___)| |_)| | | | | || (_| |  ) ) ) )
?[0m?[0;34m  '  |____| .__|_| |_|_| |_\__, | / / / /
?[0m?[0;34m =========|_|==============|___/=/_/_/_/
?[0m?[0;34m :: Spring Boot ::                (v3.2.0)
?[0m?[0;34m
?[0m?[0;34m2025-07-02T22:21:30.966+03:00  INFO 3692 --- [    Test worker] cinema.Main                              : Starting Main using Java 17.0.10 with PID 3692 (started by Эмиль in C:\stud\Java\Cinema Room REST Service with Java\Cinema Room REST Service with Java\task)
?[0m?[0;34m2025-07-02T22:21:30.985+03:00  INFO 3692 --- [    Test worker] cinema.Main                              : No active profile set, falling back to 1 default profile: "default"
?[0m?[0;34m2025-07-02T22:21:34.034+03:00  INFO 3692 --- [    Test worker] o.s.b.w.embedded.tomcat.TomcatWebServer  : Tomcat initialized with port 28852 (http)
?[0m?[0;34m2025-07-02T22:21:34.062+03:00  INFO 3692 --- [    Test worker] o.apache.catalina.core.StandardService   : Starting service [Tomcat]
?[0m?[0;34m2025-07-02T22:21:34.063+03:00  INFO 3692 --- [    Test worker] o.apache.catalina.core.StandardEngine    : Starting Servlet engine: [Apache Tomcat/10.1.16]
?[0m?[0;34m2025-07-02T22:21:34.208+03:00  INFO 3692 --- [    Test worker] o.a.c.c.C.[Tomcat].[localhost].[/]       : Initializing Spring embedded WebApplicationContext
?[0m?[0;34m2025-07-02T22:21:34.214+03:00  INFO 3692 --- [    Test worker] w.s.c.ServletWebServerApplicationContext : Root WebApplicationContext: initialization completed in 3117 ms
?[0m?[0;34m2025-07-02T22:21:35.906+03:00  INFO 3692 --- [    Test worker] o.s.b.a.e.web.EndpointLinksResolver      : Exposing 14 endpoint(s) beneath base path '/actuator'
?[0m?[0;34m2025-07-02T22:21:36.056+03:00  INFO 3692 --- [    Test worker] o.s.b.w.embedded.tomcat.TomcatWebServer  : Tomcat started on port 28852 (http) with context path ''
?[0m?[0;34m2025-07-02T22:21:36.141+03:00  INFO 3692 --- [    Test worker] cinema.Main                              : Started Main in 5.936 seconds (process running for 7.675)
?[0;34m2025-07-02T22:21:36.875+03:00  INFO 3692 --- [io-28852-exec-1] o.a.c.c.C.[Tomcat].[localhost].[/]       : Initializing Spring DispatcherServlet 'dispatcherServlet'
?[0m?[0;34m2025-07-02T22:21:36.877+03:00  INFO 3692 --- [io-28852-exec-1] o.s.web.servlet.DispatcherServlet        : Initializing Servlet 'dispatcherServlet'
?[0m?[0;34m2025-07-02T22:21:36.909+03:00  INFO 3692 --- [io-28852-exec-1] o.s.web.servlet.DispatcherServlet        : Completed initialization in 23 ms
?[0m?[1;31m
Start test 2?[0m
?[1;31m
Start test 3?[0m
?[0;34m2025-07-02T22:21:37.302+03:00  INFO 3692 --- [io-28852-exec-3] cinema.controllers.CinemaController      : Req to /purchase : SeatCoordinates[row=1, column=1]
?[1;31m
Start test 4?[0m
?[0;34m2025-07-02T22:21:37.378+03:00  INFO 3692 --- [io-28852-exec-4] cinema.controllers.CinemaController      : Req to /purchase : SeatCoordinates[row=1, column=1]
?[1;31m
Start test 5?[0m
?[0;34m2025-07-02T22:21:37.413+03:00  INFO 3692 --- [io-28852-exec-7] cinema.controllers.CinemaController      : Req to /purchase : SeatCoordinates[row=10, column=1]
?[0;34m2025-07-02T22:21:37.425+03:00  INFO 3692 --- [io-28852-exec-8] cinema.controllers.CinemaController      : Req to /purchase : SeatCoordinates[row=1, column=10]
?[0;34m2025-07-02T22:21:37.440+03:00  INFO 3692 --- [io-28852-exec-9] cinema.controllers.CinemaController      : Req to /purchase : SeatCoordinates[row=-1, column=-1]
?[1;31m
Start test 6?[0m
?[0;34m2025-07-02T22:21:37.452+03:00  INFO 3692 --- [o-28852-exec-10] cinema.controllers.CinemaController      : Req to /purchase : SeatCoordinates[row=2, column=5]
?[0m?[0;34m2025-07-02T22:21:37.468+03:00  INFO 3692 --- [io-28852-exec-1] cinema.controllers.CinemaController      : Req to /return : TicketReturnRequest[token=146ae7fd-e78c-4469-a474-857382974c76]
?[0;34m2025-07-02T22:21:37.477+03:00  INFO 3692 --- [io-28852-exec-2] cinema.controllers.CinemaController      : Req to /return : TicketReturnRequest[token=51373958-976e-402f-939f-5ecbf6e4e1dc]
?[1;31m
Start test 7?[0m
?[0m?[0;34m2025-07-02T22:21:37.493+03:00  INFO 3692 --- [io-28852-exec-3] cinema.controllers.CinemaController      : Req to /purchase : SeatCoordinates[row=3, column=6]
?[0;34m2025-07-02T22:21:37.505+03:00  INFO 3692 --- [io-28852-exec-5] cinema.controllers.CinemaController      : Req to /return : TicketReturnRequest[token=6bf3ff4c-2029-4450-9492-55f733510971]
?[0;34m2025-07-02T22:21:37.516+03:00  INFO 3692 --- [io-28852-exec-6] cinema.controllers.CinemaController      : Req to /return : TicketReturnRequest[token=6bf3ff4c-2029-4450-9492-55f733510971]
?[1;31m
Start test 8?[0m
?[0m?[0;34m2025-07-02T22:21:37.529+03:00  INFO 3692 --- [io-28852-exec-4] cinema.controllers.CinemaController      : Req to /purchase : SeatCoordinates[row=3, column=6]
?[0m?[0;34m2025-07-02T22:21:37.542+03:00  INFO 3692 --- [io-28852-exec-7] cinema.controllers.CinemaController      : Req to /return : TicketReturnRequest[token=8746b28a-4bd6-4be1-bd98-e3a3cfd1dc29]
?[0m?[0;34m2025-07-02T22:21:37.559+03:00  INFO 3692 --- [io-28852-exec-8] cinema.controllers.CinemaController      : Req to /purchase : SeatCoordinates[row=3, column=6]
]]></system-out>
  <system-err><![CDATA[]]></system-err>
</testsuite>
