<?xml version="1.0" encoding="UTF-8"?>
<testsuite name="CinemaTests" tests="1" skipped="0" failures="0" errors="0" timestamp="2025-06-30T21:05:47" hostname="DESKTOP-3KVM26J" time="7.778">
  <properties/>
  <testcase name="start" classname="CinemaTests" time="7.778"/>
  <system-out><![CDATA[?[1;31m
Start test 1?[0m
?[0;34m
?[0m?[0;34m  .   ____          _            __ _ _
?[0m?[0;34m /\\ / ___'_ __ _ _(_)_ __  __ _ \ \ \ \
?[0m?[0;34m( ( )\___ | '_ | '_| | '_ \/ _` | \ \ \ \
?[0m?[0;34m \\/  ___)| |_)| | | | | || (_| |  ) ) ) )
?[0m?[0;34m  '  |____| .__|_| |_|_| |_\__, | / / / /
?[0m?[0;34m =========|_|==============|___/=/_/_/_/
?[0m?[0;34m :: Spring Boot ::                (v3.2.0)
?[0m?[0;34m
?[0m?[0;34m2025-07-01T00:05:49.121+03:00  INFO 5888 --- [    Test worker] cinema.Main                              : Starting Main using Java 17.0.10 with PID 5888 (started by Эмиль in C:\stud\Java\Cinema Room REST Service with Java\Cinema Room REST Service with Java\task)
?[0m?[0;34m2025-07-01T00:05:49.129+03:00  INFO 5888 --- [    Test worker] cinema.Main                              : No active profile set, falling back to 1 default profile: "default"
?[0m?[0;34m2025-07-01T00:05:52.047+03:00  INFO 5888 --- [    Test worker] o.s.b.w.embedded.tomcat.TomcatWebServer  : Tomcat initialized with port 28852 (http)
?[0m?[0;34m2025-07-01T00:05:52.074+03:00  INFO 5888 --- [    Test worker] o.apache.catalina.core.StandardService   : Starting service [Tomcat]
?[0m?[0;34m2025-07-01T00:05:52.075+03:00  INFO 5888 --- [    Test worker] o.apache.catalina.core.StandardEngine    : Starting Servlet engine: [Apache Tomcat/10.1.16]
?[0m?[0;34m2025-07-01T00:05:52.199+03:00  INFO 5888 --- [    Test worker] o.a.c.c.C.[Tomcat].[localhost].[/]       : Initializing Spring embedded WebApplicationContext
?[0m?[0;34m2025-07-01T00:05:52.205+03:00  INFO 5888 --- [    Test worker] w.s.c.ServletWebServerApplicationContext : Root WebApplicationContext: initialization completed in 2941 ms
?[0m?[0;34m2025-07-01T00:05:54.244+03:00  INFO 5888 --- [    Test worker] o.s.b.a.e.web.EndpointLinksResolver      : Exposing 14 endpoint(s) beneath base path '/actuator'
?[0m?[0;34m2025-07-01T00:05:54.496+03:00  INFO 5888 --- [    Test worker] o.s.b.w.embedded.tomcat.TomcatWebServer  : Tomcat started on port 28852 (http) with context path ''
?[0m?[0;34m2025-07-01T00:05:54.523+03:00  INFO 5888 --- [    Test worker] cinema.Main                              : Started Main in 6.151 seconds (process running for 7.566)
?[0;34m2025-07-01T00:05:55.351+03:00  INFO 5888 --- [io-28852-exec-1] o.a.c.c.C.[Tomcat].[localhost].[/]       : Initializing Spring DispatcherServlet 'dispatcherServlet'
?[0m?[0;34m2025-07-01T00:05:55.352+03:00  INFO 5888 --- [io-28852-exec-1] o.s.web.servlet.DispatcherServlet        : Initializing Servlet 'dispatcherServlet'
?[0m?[0;34m2025-07-01T00:05:55.354+03:00  INFO 5888 --- [io-28852-exec-1] o.s.web.servlet.DispatcherServlet        : Completed initialization in 2 ms
?[0m?[1;31m
Start test 2?[0m
]]></system-out>
  <system-err><![CDATA[]]></system-err>
</testsuite>
